<?xml version="1.0" encoding="UTF-8"?>
<testsuite xmlns:xsi="http://www.w3.org/2001/XMLSchema-instance" xsi:noNamespaceSchemaLocation="https://maven.apache.org/surefire/maven-surefire-plugin/xsd/surefire-test-report.xsd" name="io.camunda.cloudstarter.CloudstarterApplicationTests" time="4.435" tests="1" errors="0" skipped="0" failures="0">
  <properties>
    <property name="java.specification.version" value="15"/>
    <property name="sun.jnu.encoding" value="UTF-8"/>
    <property name="java.class.path" value="/Users/yangzijiang/Developer/cloudstarter/target/test-classes:/Users/yangzijiang/Developer/cloudstarter/target/classes:/Users/yangzijiang/.m2/repository/org/springframework/boot/spring-boot-starter-webflux/2.3.10.RELEASE/spring-boot-starter-webflux-2.3.10.RELEASE.jar:/Users/yangzijiang/.m2/repository/org/springframework/boot/spring-boot-starter/2.3.10.RELEASE/spring-boot-starter-2.3.10.RELEASE.jar:/Users/yangzijiang/.m2/repository/org/springframework/boot/spring-boot/2.3.10.RELEASE/spring-boot-2.3.10.RELEASE.jar:/Users/yangzijiang/.m2/repository/org/springframework/spring-context/5.2.14.RELEASE/spring-context-5.2.14.RELEASE.jar:/Users/yangzijiang/.m2/repository/org/springframework/spring-aop/5.2.14.RELEASE/spring-aop-5.2.14.RELEASE.jar:/Users/yangzijiang/.m2/repository/org/springframework/spring-expression/5.2.14.RELEASE/spring-expression-5.2.14.RELEASE.jar:/Users/yangzijiang/.m2/repository/org/springframework/boot/spring-boot-autoconfigure/2.3.10.RELEASE/spring-boot-autoconfigure-2.3.10.RELEASE.jar:/Users/yangzijiang/.m2/repository/org/springframework/boot/spring-boot-starter-logging/2.3.10.RELEASE/spring-boot-starter-logging-2.3.10.RELEASE.jar:/Users/yangzijiang/.m2/repository/ch/qos/logback/logback-classic/1.2.3/logback-classic-1.2.3.jar:/Users/yangzijiang/.m2/repository/ch/qos/logback/logback-core/1.2.3/logback-core-1.2.3.jar:/Users/yangzijiang/.m2/repository/org/apache/logging/log4j/log4j-to-slf4j/2.13.3/log4j-to-slf4j-2.13.3.jar:/Users/yangzijiang/.m2/repository/org/apache/logging/log4j/log4j-api/2.13.3/log4j-api-2.13.3.jar:/Users/yangzijiang/.m2/repository/org/slf4j/jul-to-slf4j/1.7.30/jul-to-slf4j-1.7.30.jar:/Users/yangzijiang/.m2/repository/jakarta/annotation/jakarta.annotation-api/1.3.5/jakarta.annotation-api-1.3.5.jar:/Users/yangzijiang/.m2/repository/org/yaml/snakeyaml/1.26/snakeyaml-1.26.jar:/Users/yangzijiang/.m2/repository/org/springframework/boot/spring-boot-starter-json/2.3.10.RELEASE/spring-boot-starter-json-2.3.10.RELEASE.jar:/Users/yangzijiang/.m2/repository/com/fasterxml/jackson/core/jackson-databind/2.11.4/jackson-databind-2.11.4.jar:/Users/yangzijiang/.m2/repository/com/fasterxml/jackson/core/jackson-annotations/2.11.4/jackson-annotations-2.11.4.jar:/Users/yangzijiang/.m2/repository/com/fasterxml/jackson/core/jackson-core/2.11.4/jackson-core-2.11.4.jar:/Users/yangzijiang/.m2/repository/com/fasterxml/jackson/datatype/jackson-datatype-jdk8/2.11.4/jackson-datatype-jdk8-2.11.4.jar:/Users/yangzijiang/.m2/repository/com/fasterxml/jackson/datatype/jackson-datatype-jsr310/2.11.4/jackson-datatype-jsr310-2.11.4.jar:/Users/yangzijiang/.m2/repository/com/fasterxml/jackson/module/jackson-module-parameter-names/2.11.4/jackson-module-parameter-names-2.11.4.jar:/Users/yangzijiang/.m2/repository/org/springframework/boot/spring-boot-starter-reactor-netty/2.3.10.RELEASE/spring-boot-starter-reactor-netty-2.3.10.RELEASE.jar:/Users/yangzijiang/.m2/repository/io/projectreactor/netty/reactor-netty/0.9.19.RELEASE/reactor-netty-0.9.19.RELEASE.jar:/Users/yangzijiang/.m2/repository/io/netty/netty-codec-http/4.1.63.Final/netty-codec-http-4.1.63.Final.jar:/Users/yangzijiang/.m2/repository/io/netty/netty-common/4.1.63.Final/netty-common-4.1.63.Final.jar:/Users/yangzijiang/.m2/repository/io/netty/netty-buffer/4.1.63.Final/netty-buffer-4.1.63.Final.jar:/Users/yangzijiang/.m2/repository/io/netty/netty-transport/4.1.63.Final/netty-transport-4.1.63.Final.jar:/Users/yangzijiang/.m2/repository/io/netty/netty-codec/4.1.63.Final/netty-codec-4.1.63.Final.jar:/Users/yangzijiang/.m2/repository/io/netty/netty-codec-http2/4.1.63.Final/netty-codec-http2-4.1.63.Final.jar:/Users/yangzijiang/.m2/repository/io/netty/netty-handler/4.1.63.Final/netty-handler-4.1.63.Final.jar:/Users/yangzijiang/.m2/repository/io/netty/netty-resolver/4.1.63.Final/netty-resolver-4.1.63.Final.jar:/Users/yangzijiang/.m2/repository/io/netty/netty-handler-proxy/4.1.63.Final/netty-handler-proxy-4.1.63.Final.jar:/Users/yangzijiang/.m2/repository/io/netty/netty-codec-socks/4.1.63.Final/netty-codec-socks-4.1.63.Final.jar:/Users/yangzijiang/.m2/repository/io/netty/netty-transport-native-epoll/4.1.63.Final/netty-transport-native-epoll-4.1.63.Final-linux-x86_64.jar:/Users/yangzijiang/.m2/repository/io/netty/netty-transport-native-unix-common/4.1.63.Final/netty-transport-native-unix-common-4.1.63.Final.jar:/Users/yangzijiang/.m2/repository/org/springframework/spring-web/5.2.14.RELEASE/spring-web-5.2.14.RELEASE.jar:/Users/yangzijiang/.m2/repository/org/springframework/spring-beans/5.2.14.RELEASE/spring-beans-5.2.14.RELEASE.jar:/Users/yangzijiang/.m2/repository/org/springframework/spring-webflux/5.2.14.RELEASE/spring-webflux-5.2.14.RELEASE.jar:/Users/yangzijiang/.m2/repository/org/synchronoss/cloud/nio-multipart-parser/1.1.0/nio-multipart-parser-1.1.0.jar:/Users/yangzijiang/.m2/repository/org/slf4j/slf4j-api/1.7.30/slf4j-api-1.7.30.jar:/Users/yangzijiang/.m2/repository/org/synchronoss/cloud/nio-stream-storage/1.1.3/nio-stream-storage-1.1.3.jar:/Users/yangzijiang/.m2/repository/io/zeebe/spring/spring-zeebe-starter/0.23.0/spring-zeebe-starter-0.23.0.jar:/Users/yangzijiang/.m2/repository/io/zeebe/spring/spring-zeebe/0.23.0/spring-zeebe-0.23.0.jar:/Users/yangzijiang/.m2/repository/io/zeebe/zeebe-client-java/0.23.0/zeebe-client-java-0.23.0.jar:/Users/yangzijiang/.m2/repository/io/zeebe/zeebe-bpmn-model/0.23.0/zeebe-bpmn-model-0.23.0.jar:/Users/yangzijiang/.m2/repository/org/camunda/bpm/model/camunda-xml-model/7.12.0/camunda-xml-model-7.12.0.jar:/Users/yangzijiang/.m2/repository/io/zeebe/zeebe-gateway-protocol-impl/0.23.0/zeebe-gateway-protocol-impl-0.23.0.jar:/Users/yangzijiang/.m2/repository/io/zeebe/zeebe-gateway-protocol/0.23.0/zeebe-gateway-protocol-0.23.0.jar:/Users/yangzijiang/.m2/repository/io/grpc/grpc-protobuf/1.28.1/grpc-protobuf-1.28.1.jar:/Users/yangzijiang/.m2/repository/com/google/api/grpc/proto-google-common-protos/1.17.0/proto-google-common-protos-1.17.0.jar:/Users/yangzijiang/.m2/repository/io/grpc/grpc-protobuf-lite/1.28.1/grpc-protobuf-lite-1.28.1.jar:/Users/yangzijiang/.m2/repository/io/grpc/grpc-stub/1.28.1/grpc-stub-1.28.1.jar:/Users/yangzijiang/.m2/repository/io/grpc/grpc-core/1.28.1/grpc-core-1.28.1.jar:/Users/yangzijiang/.m2/repository/com/google/code/gson/gson/2.8.6/gson-2.8.6.jar:/Users/yangzijiang/.m2/repository/com/google/android/annotations/4.1.1.4/annotations-4.1.1.4.jar:/Users/yangzijiang/.m2/repository/com/google/errorprone/error_prone_annotations/2.3.4/error_prone_annotations-2.3.4.jar:/Users/yangzijiang/.m2/repository/io/perfmark/perfmark-api/0.19.0/perfmark-api-0.19.0.jar:/Users/yangzijiang/.m2/repository/io/grpc/grpc-api/1.28.1/grpc-api-1.28.1.jar:/Users/yangzijiang/.m2/repository/io/grpc/grpc-context/1.28.1/grpc-context-1.28.1.jar:/Users/yangzijiang/.m2/repository/com/google/code/findbugs/jsr305/3.0.2/jsr305-3.0.2.jar:/Users/yangzijiang/.m2/repository/org/codehaus/mojo/animal-sniffer-annotations/1.18/animal-sniffer-annotations-1.18.jar:/Users/yangzijiang/.m2/repository/io/grpc/grpc-netty/1.28.1/grpc-netty-1.28.1.jar:/Users/yangzijiang/.m2/repository/com/google/guava/guava/28.2-jre/guava-28.2-jre.jar:/Users/yangzijiang/.m2/repository/com/google/guava/failureaccess/1.0.1/failureaccess-1.0.1.jar:/Users/yangzijiang/.m2/repository/com/google/guava/listenablefuture/9999.0-empty-to-avoid-conflict-with-guava/listenablefuture-9999.0-empty-to-avoid-conflict-with-guava.jar:/Users/yangzijiang/.m2/repository/org/checkerframework/checker-qual/2.10.0/checker-qual-2.10.0.jar:/Users/yangzijiang/.m2/repository/com/google/j2objc/j2objc-annotations/1.3/j2objc-annotations-1.3.jar:/Users/yangzijiang/.m2/repository/com/google/protobuf/protobuf-java/3.11.4/protobuf-java-3.11.4.jar:/Users/yangzijiang/.m2/repository/io/netty/netty-tcnative-boringssl-static/2.0.38.Final/netty-tcnative-boringssl-static-2.0.38.Final.jar:/Users/yangzijiang/.m2/repository/com/fasterxml/jackson/dataformat/jackson-dataformat-yaml/2.11.4/jackson-dataformat-yaml-2.11.4.jar:/Users/yangzijiang/.m2/repository/io/zeebe/spring/spring-zeebe-util/0.23.0/spring-zeebe-util-0.23.0.jar:/Users/yangzijiang/.m2/repository/org/projectlombok/lombok/1.18.20/lombok-1.18.20.jar:/Users/yangzijiang/.m2/repository/org/springframework/boot/spring-boot-starter-test/2.3.10.RELEASE/spring-boot-starter-test-2.3.10.RELEASE.jar:/Users/yangzijiang/.m2/repository/org/springframework/boot/spring-boot-test/2.3.10.RELEASE/spring-boot-test-2.3.10.RELEASE.jar:/Users/yangzijiang/.m2/repository/org/springframework/boot/spring-boot-test-autoconfigure/2.3.10.RELEASE/spring-boot-test-autoconfigure-2.3.10.RELEASE.jar:/Users/yangzijiang/.m2/repository/com/jayway/jsonpath/json-path/2.4.0/json-path-2.4.0.jar:/Users/yangzijiang/.m2/repository/net/minidev/json-smart/2.3/json-smart-2.3.jar:/Users/yangzijiang/.m2/repository/net/minidev/accessors-smart/1.2/accessors-smart-1.2.jar:/Users/yangzijiang/.m2/repository/org/ow2/asm/asm/5.0.4/asm-5.0.4.jar:/Users/yangzijiang/.m2/repository/jakarta/xml/bind/jakarta.xml.bind-api/2.3.3/jakarta.xml.bind-api-2.3.3.jar:/Users/yangzijiang/.m2/repository/jakarta/activation/jakarta.activation-api/1.2.2/jakarta.activation-api-1.2.2.jar:/Users/yangzijiang/.m2/repository/org/assertj/assertj-core/3.16.1/assertj-core-3.16.1.jar:/Users/yangzijiang/.m2/repository/org/hamcrest/hamcrest/2.2/hamcrest-2.2.jar:/Users/yangzijiang/.m2/repository/org/junit/jupiter/junit-jupiter/5.6.3/junit-jupiter-5.6.3.jar:/Users/yangzijiang/.m2/repository/org/junit/jupiter/junit-jupiter-api/5.6.3/junit-jupiter-api-5.6.3.jar:/Users/yangzijiang/.m2/repository/org/apiguardian/apiguardian-api/1.1.0/apiguardian-api-1.1.0.jar:/Users/yangzijiang/.m2/repository/org/opentest4j/opentest4j/1.2.0/opentest4j-1.2.0.jar:/Users/yangzijiang/.m2/repository/org/junit/platform/junit-platform-commons/1.6.3/junit-platform-commons-1.6.3.jar:/Users/yangzijiang/.m2/repository/org/junit/jupiter/junit-jupiter-params/5.6.3/junit-jupiter-params-5.6.3.jar:/Users/yangzijiang/.m2/repository/org/junit/jupiter/junit-jupiter-engine/5.6.3/junit-jupiter-engine-5.6.3.jar:/Users/yangzijiang/.m2/repository/org/junit/platform/junit-platform-engine/1.6.3/junit-platform-engine-1.6.3.jar:/Users/yangzijiang/.m2/repository/org/mockito/mockito-core/3.3.3/mockito-core-3.3.3.jar:/Users/yangzijiang/.m2/repository/net/bytebuddy/byte-buddy/1.10.22/byte-buddy-1.10.22.jar:/Users/yangzijiang/.m2/repository/net/bytebuddy/byte-buddy-agent/1.10.22/byte-buddy-agent-1.10.22.jar:/Users/yangzijiang/.m2/repository/org/objenesis/objenesis/2.6/objenesis-2.6.jar:/Users/yangzijiang/.m2/repository/org/mockito/mockito-junit-jupiter/3.3.3/mockito-junit-jupiter-3.3.3.jar:/Users/yangzijiang/.m2/repository/org/skyscreamer/jsonassert/1.5.0/jsonassert-1.5.0.jar:/Users/yangzijiang/.m2/repository/com/vaadin/external/google/android-json/0.0.20131108.vaadin1/android-json-0.0.20131108.vaadin1.jar:/Users/yangzijiang/.m2/repository/org/springframework/spring-core/5.2.14.RELEASE/spring-core-5.2.14.RELEASE.jar:/Users/yangzijiang/.m2/repository/org/springframework/spring-jcl/5.2.14.RELEASE/spring-jcl-5.2.14.RELEASE.jar:/Users/yangzijiang/.m2/repository/org/springframework/spring-test/5.2.14.RELEASE/spring-test-5.2.14.RELEASE.jar:/Users/yangzijiang/.m2/repository/org/xmlunit/xmlunit-core/2.7.0/xmlunit-core-2.7.0.jar:/Users/yangzijiang/.m2/repository/io/projectreactor/reactor-test/3.3.16.RELEASE/reactor-test-3.3.16.RELEASE.jar:/Users/yangzijiang/.m2/repository/io/projectreactor/reactor-core/3.3.16.RELEASE/reactor-core-3.3.16.RELEASE.jar:/Users/yangzijiang/.m2/repository/org/reactivestreams/reactive-streams/1.0.3/reactive-streams-1.0.3.jar:"/>
    <property name="java.vm.vendor" value="Oracle Corporation"/>
    <property name="sun.arch.data.model" value="64"/>
    <property name="java.vendor.url" value="https://openjdk.java.net/"/>
    <property name="os.name" value="Mac OS X"/>
    <property name="java.vm.specification.version" value="15"/>
    <property name="sun.java.launcher" value="SUN_STANDARD"/>
    <property name="user.country" value="US"/>
    <property name="sun.boot.library.path" value="/usr/local/Cellar/openjdk/15.0.1/libexec/openjdk.jdk/Contents/Home/lib"/>
    <property name="sun.java.command" value="/Users/yangzijiang/Developer/cloudstarter/target/surefire/surefirebooter609311597779286563.jar /Users/yangzijiang/Developer/cloudstarter/target/surefire 2021-05-03T12-12-29_856-jvmRun1 surefire18301129206301064034tmp surefire_05748551946743004276tmp"/>
    <property name="http.nonProxyHosts" value="local|*.local|169.254/16|*.169.254/16"/>
    <property name="jdk.debug" value="release"/>
    <property name="surefire.test.class.path" value="/Users/yangzijiang/Developer/cloudstarter/target/test-classes:/Users/yangzijiang/Developer/cloudstarter/target/classes:/Users/yangzijiang/.m2/repository/org/springframework/boot/spring-boot-starter-webflux/2.3.10.RELEASE/spring-boot-starter-webflux-2.3.10.RELEASE.jar:/Users/yangzijiang/.m2/repository/org/springframework/boot/spring-boot-starter/2.3.10.RELEASE/spring-boot-starter-2.3.10.RELEASE.jar:/Users/yangzijiang/.m2/repository/org/springframework/boot/spring-boot/2.3.10.RELEASE/spring-boot-2.3.10.RELEASE.jar:/Users/yangzijiang/.m2/repository/org/springframework/spring-context/5.2.14.RELEASE/spring-context-5.2.14.RELEASE.jar:/Users/yangzijiang/.m2/repository/org/springframework/spring-aop/5.2.14.RELEASE/spring-aop-5.2.14.RELEASE.jar:/Users/yangzijiang/.m2/repository/org/springframework/spring-expression/5.2.14.RELEASE/spring-expression-5.2.14.RELEASE.jar:/Users/yangzijiang/.m2/repository/org/springframework/boot/spring-boot-autoconfigure/2.3.10.RELEASE/spring-boot-autoconfigure-2.3.10.RELEASE.jar:/Users/yangzijiang/.m2/repository/org/springframework/boot/spring-boot-starter-logging/2.3.10.RELEASE/spring-boot-starter-logging-2.3.10.RELEASE.jar:/Users/yangzijiang/.m2/repository/ch/qos/logback/logback-classic/1.2.3/logback-classic-1.2.3.jar:/Users/yangzijiang/.m2/repository/ch/qos/logback/logback-core/1.2.3/logback-core-1.2.3.jar:/Users/yangzijiang/.m2/repository/org/apache/logging/log4j/log4j-to-slf4j/2.13.3/log4j-to-slf4j-2.13.3.jar:/Users/yangzijiang/.m2/repository/org/apache/logging/log4j/log4j-api/2.13.3/log4j-api-2.13.3.jar:/Users/yangzijiang/.m2/repository/org/slf4j/jul-to-slf4j/1.7.30/jul-to-slf4j-1.7.30.jar:/Users/yangzijiang/.m2/repository/jakarta/annotation/jakarta.annotation-api/1.3.5/jakarta.annotation-api-1.3.5.jar:/Users/yangzijiang/.m2/repository/org/yaml/snakeyaml/1.26/snakeyaml-1.26.jar:/Users/yangzijiang/.m2/repository/org/springframework/boot/spring-boot-starter-json/2.3.10.RELEASE/spring-boot-starter-json-2.3.10.RELEASE.jar:/Users/yangzijiang/.m2/repository/com/fasterxml/jackson/core/jackson-databind/2.11.4/jackson-databind-2.11.4.jar:/Users/yangzijiang/.m2/repository/com/fasterxml/jackson/core/jackson-annotations/2.11.4/jackson-annotations-2.11.4.jar:/Users/yangzijiang/.m2/repository/com/fasterxml/jackson/core/jackson-core/2.11.4/jackson-core-2.11.4.jar:/Users/yangzijiang/.m2/repository/com/fasterxml/jackson/datatype/jackson-datatype-jdk8/2.11.4/jackson-datatype-jdk8-2.11.4.jar:/Users/yangzijiang/.m2/repository/com/fasterxml/jackson/datatype/jackson-datatype-jsr310/2.11.4/jackson-datatype-jsr310-2.11.4.jar:/Users/yangzijiang/.m2/repository/com/fasterxml/jackson/module/jackson-module-parameter-names/2.11.4/jackson-module-parameter-names-2.11.4.jar:/Users/yangzijiang/.m2/repository/org/springframework/boot/spring-boot-starter-reactor-netty/2.3.10.RELEASE/spring-boot-starter-reactor-netty-2.3.10.RELEASE.jar:/Users/yangzijiang/.m2/repository/io/projectreactor/netty/reactor-netty/0.9.19.RELEASE/reactor-netty-0.9.19.RELEASE.jar:/Users/yangzijiang/.m2/repository/io/netty/netty-codec-http/4.1.63.Final/netty-codec-http-4.1.63.Final.jar:/Users/yangzijiang/.m2/repository/io/netty/netty-common/4.1.63.Final/netty-common-4.1.63.Final.jar:/Users/yangzijiang/.m2/repository/io/netty/netty-buffer/4.1.63.Final/netty-buffer-4.1.63.Final.jar:/Users/yangzijiang/.m2/repository/io/netty/netty-transport/4.1.63.Final/netty-transport-4.1.63.Final.jar:/Users/yangzijiang/.m2/repository/io/netty/netty-codec/4.1.63.Final/netty-codec-4.1.63.Final.jar:/Users/yangzijiang/.m2/repository/io/netty/netty-codec-http2/4.1.63.Final/netty-codec-http2-4.1.63.Final.jar:/Users/yangzijiang/.m2/repository/io/netty/netty-handler/4.1.63.Final/netty-handler-4.1.63.Final.jar:/Users/yangzijiang/.m2/repository/io/netty/netty-resolver/4.1.63.Final/netty-resolver-4.1.63.Final.jar:/Users/yangzijiang/.m2/repository/io/netty/netty-handler-proxy/4.1.63.Final/netty-handler-proxy-4.1.63.Final.jar:/Users/yangzijiang/.m2/repository/io/netty/netty-codec-socks/4.1.63.Final/netty-codec-socks-4.1.63.Final.jar:/Users/yangzijiang/.m2/repository/io/netty/netty-transport-native-epoll/4.1.63.Final/netty-transport-native-epoll-4.1.63.Final-linux-x86_64.jar:/Users/yangzijiang/.m2/repository/io/netty/netty-transport-native-unix-common/4.1.63.Final/netty-transport-native-unix-common-4.1.63.Final.jar:/Users/yangzijiang/.m2/repository/org/springframework/spring-web/5.2.14.RELEASE/spring-web-5.2.14.RELEASE.jar:/Users/yangzijiang/.m2/repository/org/springframework/spring-beans/5.2.14.RELEASE/spring-beans-5.2.14.RELEASE.jar:/Users/yangzijiang/.m2/repository/org/springframework/spring-webflux/5.2.14.RELEASE/spring-webflux-5.2.14.RELEASE.jar:/Users/yangzijiang/.m2/repository/org/synchronoss/cloud/nio-multipart-parser/1.1.0/nio-multipart-parser-1.1.0.jar:/Users/yangzijiang/.m2/repository/org/slf4j/slf4j-api/1.7.30/slf4j-api-1.7.30.jar:/Users/yangzijiang/.m2/repository/org/synchronoss/cloud/nio-stream-storage/1.1.3/nio-stream-storage-1.1.3.jar:/Users/yangzijiang/.m2/repository/io/zeebe/spring/spring-zeebe-starter/0.23.0/spring-zeebe-starter-0.23.0.jar:/Users/yangzijiang/.m2/repository/io/zeebe/spring/spring-zeebe/0.23.0/spring-zeebe-0.23.0.jar:/Users/yangzijiang/.m2/repository/io/zeebe/zeebe-client-java/0.23.0/zeebe-client-java-0.23.0.jar:/Users/yangzijiang/.m2/repository/io/zeebe/zeebe-bpmn-model/0.23.0/zeebe-bpmn-model-0.23.0.jar:/Users/yangzijiang/.m2/repository/org/camunda/bpm/model/camunda-xml-model/7.12.0/camunda-xml-model-7.12.0.jar:/Users/yangzijiang/.m2/repository/io/zeebe/zeebe-gateway-protocol-impl/0.23.0/zeebe-gateway-protocol-impl-0.23.0.jar:/Users/yangzijiang/.m2/repository/io/zeebe/zeebe-gateway-protocol/0.23.0/zeebe-gateway-protocol-0.23.0.jar:/Users/yangzijiang/.m2/repository/io/grpc/grpc-protobuf/1.28.1/grpc-protobuf-1.28.1.jar:/Users/yangzijiang/.m2/repository/com/google/api/grpc/proto-google-common-protos/1.17.0/proto-google-common-protos-1.17.0.jar:/Users/yangzijiang/.m2/repository/io/grpc/grpc-protobuf-lite/1.28.1/grpc-protobuf-lite-1.28.1.jar:/Users/yangzijiang/.m2/repository/io/grpc/grpc-stub/1.28.1/grpc-stub-1.28.1.jar:/Users/yangzijiang/.m2/repository/io/grpc/grpc-core/1.28.1/grpc-core-1.28.1.jar:/Users/yangzijiang/.m2/repository/com/google/code/gson/gson/2.8.6/gson-2.8.6.jar:/Users/yangzijiang/.m2/repository/com/google/android/annotations/4.1.1.4/annotations-4.1.1.4.jar:/Users/yangzijiang/.m2/repository/com/google/errorprone/error_prone_annotations/2.3.4/error_prone_annotations-2.3.4.jar:/Users/yangzijiang/.m2/repository/io/perfmark/perfmark-api/0.19.0/perfmark-api-0.19.0.jar:/Users/yangzijiang/.m2/repository/io/grpc/grpc-api/1.28.1/grpc-api-1.28.1.jar:/Users/yangzijiang/.m2/repository/io/grpc/grpc-context/1.28.1/grpc-context-1.28.1.jar:/Users/yangzijiang/.m2/repository/com/google/code/findbugs/jsr305/3.0.2/jsr305-3.0.2.jar:/Users/yangzijiang/.m2/repository/org/codehaus/mojo/animal-sniffer-annotations/1.18/animal-sniffer-annotations-1.18.jar:/Users/yangzijiang/.m2/repository/io/grpc/grpc-netty/1.28.1/grpc-netty-1.28.1.jar:/Users/yangzijiang/.m2/repository/com/google/guava/guava/28.2-jre/guava-28.2-jre.jar:/Users/yangzijiang/.m2/repository/com/google/guava/failureaccess/1.0.1/failureaccess-1.0.1.jar:/Users/yangzijiang/.m2/repository/com/google/guava/listenablefuture/9999.0-empty-to-avoid-conflict-with-guava/listenablefuture-9999.0-empty-to-avoid-conflict-with-guava.jar:/Users/yangzijiang/.m2/repository/org/checkerframework/checker-qual/2.10.0/checker-qual-2.10.0.jar:/Users/yangzijiang/.m2/repository/com/google/j2objc/j2objc-annotations/1.3/j2objc-annotations-1.3.jar:/Users/yangzijiang/.m2/repository/com/google/protobuf/protobuf-java/3.11.4/protobuf-java-3.11.4.jar:/Users/yangzijiang/.m2/repository/io/netty/netty-tcnative-boringssl-static/2.0.38.Final/netty-tcnative-boringssl-static-2.0.38.Final.jar:/Users/yangzijiang/.m2/repository/com/fasterxml/jackson/dataformat/jackson-dataformat-yaml/2.11.4/jackson-dataformat-yaml-2.11.4.jar:/Users/yangzijiang/.m2/repository/io/zeebe/spring/spring-zeebe-util/0.23.0/spring-zeebe-util-0.23.0.jar:/Users/yangzijiang/.m2/repository/org/projectlombok/lombok/1.18.20/lombok-1.18.20.jar:/Users/yangzijiang/.m2/repository/org/springframework/boot/spring-boot-starter-test/2.3.10.RELEASE/spring-boot-starter-test-2.3.10.RELEASE.jar:/Users/yangzijiang/.m2/repository/org/springframework/boot/spring-boot-test/2.3.10.RELEASE/spring-boot-test-2.3.10.RELEASE.jar:/Users/yangzijiang/.m2/repository/org/springframework/boot/spring-boot-test-autoconfigure/2.3.10.RELEASE/spring-boot-test-autoconfigure-2.3.10.RELEASE.jar:/Users/yangzijiang/.m2/repository/com/jayway/jsonpath/json-path/2.4.0/json-path-2.4.0.jar:/Users/yangzijiang/.m2/repository/net/minidev/json-smart/2.3/json-smart-2.3.jar:/Users/yangzijiang/.m2/repository/net/minidev/accessors-smart/1.2/accessors-smart-1.2.jar:/Users/yangzijiang/.m2/repository/org/ow2/asm/asm/5.0.4/asm-5.0.4.jar:/Users/yangzijiang/.m2/repository/jakarta/xml/bind/jakarta.xml.bind-api/2.3.3/jakarta.xml.bind-api-2.3.3.jar:/Users/yangzijiang/.m2/repository/jakarta/activation/jakarta.activation-api/1.2.2/jakarta.activation-api-1.2.2.jar:/Users/yangzijiang/.m2/repository/org/assertj/assertj-core/3.16.1/assertj-core-3.16.1.jar:/Users/yangzijiang/.m2/repository/org/hamcrest/hamcrest/2.2/hamcrest-2.2.jar:/Users/yangzijiang/.m2/repository/org/junit/jupiter/junit-jupiter/5.6.3/junit-jupiter-5.6.3.jar:/Users/yangzijiang/.m2/repository/org/junit/jupiter/junit-jupiter-api/5.6.3/junit-jupiter-api-5.6.3.jar:/Users/yangzijiang/.m2/repository/org/apiguardian/apiguardian-api/1.1.0/apiguardian-api-1.1.0.jar:/Users/yangzijiang/.m2/repository/org/opentest4j/opentest4j/1.2.0/opentest4j-1.2.0.jar:/Users/yangzijiang/.m2/repository/org/junit/platform/junit-platform-commons/1.6.3/junit-platform-commons-1.6.3.jar:/Users/yangzijiang/.m2/repository/org/junit/jupiter/junit-jupiter-params/5.6.3/junit-jupiter-params-5.6.3.jar:/Users/yangzijiang/.m2/repository/org/junit/jupiter/junit-jupiter-engine/5.6.3/junit-jupiter-engine-5.6.3.jar:/Users/yangzijiang/.m2/repository/org/junit/platform/junit-platform-engine/1.6.3/junit-platform-engine-1.6.3.jar:/Users/yangzijiang/.m2/repository/org/mockito/mockito-core/3.3.3/mockito-core-3.3.3.jar:/Users/yangzijiang/.m2/repository/net/bytebuddy/byte-buddy/1.10.22/byte-buddy-1.10.22.jar:/Users/yangzijiang/.m2/repository/net/bytebuddy/byte-buddy-agent/1.10.22/byte-buddy-agent-1.10.22.jar:/Users/yangzijiang/.m2/repository/org/objenesis/objenesis/2.6/objenesis-2.6.jar:/Users/yangzijiang/.m2/repository/org/mockito/mockito-junit-jupiter/3.3.3/mockito-junit-jupiter-3.3.3.jar:/Users/yangzijiang/.m2/repository/org/skyscreamer/jsonassert/1.5.0/jsonassert-1.5.0.jar:/Users/yangzijiang/.m2/repository/com/vaadin/external/google/android-json/0.0.20131108.vaadin1/android-json-0.0.20131108.vaadin1.jar:/Users/yangzijiang/.m2/repository/org/springframework/spring-core/5.2.14.RELEASE/spring-core-5.2.14.RELEASE.jar:/Users/yangzijiang/.m2/repository/org/springframework/spring-jcl/5.2.14.RELEASE/spring-jcl-5.2.14.RELEASE.jar:/Users/yangzijiang/.m2/repository/org/springframework/spring-test/5.2.14.RELEASE/spring-test-5.2.14.RELEASE.jar:/Users/yangzijiang/.m2/repository/org/xmlunit/xmlunit-core/2.7.0/xmlunit-core-2.7.0.jar:/Users/yangzijiang/.m2/repository/io/projectreactor/reactor-test/3.3.16.RELEASE/reactor-test-3.3.16.RELEASE.jar:/Users/yangzijiang/.m2/repository/io/projectreactor/reactor-core/3.3.16.RELEASE/reactor-core-3.3.16.RELEASE.jar:/Users/yangzijiang/.m2/repository/org/reactivestreams/reactive-streams/1.0.3/reactive-streams-1.0.3.jar:"/>
    <property name="sun.cpu.endian" value="little"/>
    <property name="user.home" value="/Users/yangzijiang"/>
    <property name="user.language" value="en"/>
    <property name="java.specification.vendor" value="Oracle Corporation"/>
    <property name="java.version.date" value="2020-10-20"/>
    <property name="java.home" value="/usr/local/Cellar/openjdk/15.0.1/libexec/openjdk.jdk/Contents/Home"/>
    <property name="file.separator" value="/"/>
    <property name="basedir" value="/Users/yangzijiang/Developer/cloudstarter"/>
    <property name="java.vm.compressedOopsMode" value="Zero based"/>
    <property name="line.separator" value="&#10;"/>
    <property name="java.specification.name" value="Java Platform API Specification"/>
    <property name="java.vm.specification.vendor" value="Oracle Corporation"/>
    <property name="surefire.real.class.path" value="/Users/yangzijiang/Developer/cloudstarter/target/surefire/surefirebooter609311597779286563.jar"/>
    <property name="sun.management.compiler" value="HotSpot 64-Bit Tiered Compilers"/>
    <property name="ftp.nonProxyHosts" value="local|*.local|169.254/16|*.169.254/16"/>
    <property name="java.runtime.version" value="15.0.1+9"/>
    <property name="user.name" value="yangzijiang"/>
    <property name="path.separator" value=":"/>
    <property name="os.version" value="11.2.3"/>
    <property name="java.runtime.name" value="OpenJDK Runtime Environment"/>
    <property name="file.encoding" value="UTF-8"/>
    <property name="java.vm.name" value="OpenJDK 64-Bit Server VM"/>
    <property name="localRepository" value="/Users/yangzijiang/.m2/repository"/>
    <property name="java.vendor.url.bug" value="https://bugreport.java.com/bugreport/"/>
    <property name="java.io.tmpdir" value="/var/folders/0p/54wxpmz52ns0v6wv_cw9ctxm0000gn/T/"/>
    <property name="java.version" value="15.0.1"/>
    <property name="user.dir" value="/Users/yangzijiang/Developer/cloudstarter"/>
    <property name="os.arch" value="x86_64"/>
    <property name="java.vm.specification.name" value="Java Virtual Machine Specification"/>
    <property name="java.library.path" value="/Users/yangzijiang/Library/Java/Extensions:/Library/Java/Extensions:/Network/Library/Java/Extensions:/System/Library/Java/Extensions:/usr/lib/java:."/>
    <property name="java.vm.info" value="mixed mode, sharing"/>
    <property name="java.vendor" value="N/A"/>
    <property name="java.vm.version" value="15.0.1+9"/>
    <property name="sun.io.unicode.encoding" value="UnicodeBig"/>
    <property name="socksNonProxyHosts" value="local|*.local|169.254/16|*.169.254/16"/>
    <property name="java.class.version" value="59.0"/>
  </properties>
  <testcase name="contextLoads" classname="io.camunda.cloudstarter.CloudstarterApplicationTests" time="0.306"/>
</testsuite>